**********************
Windows PowerShell transcript start
Start time: 20260312115200
Username: HELIX\slett
RunAs User: HELIX\slett
Configuration Name: 
Machine: HELIX (Microsoft Windows NT 10.0.26200.0)
Host Application: PowerShell -NoProfile -ExecutionPolicy Bypass -File p:\Projects\golden-image\_offline\\Win11Debloat_GuiFork\Win11Debloat_GuiFork.ps1 
Process ID: 24848
PSVersion: 5.1.26100.7920
PSEdition: Desktop
PSCompatibleVersions: 1.0, 2.0, 3.0, 4.0, 5.0, 5.1.26100.7920
BuildVersion: 10.0.26100.7920
CLRVersion: 4.0.30319.42000
WSManStackVersion: 3.0
PSRemotingProtocolVersion: 2.3
SerializationVersion: 1.1.0.1
**********************
P:\Projects\golden-image\_offline\Win11Debloat_GuiFork\Win11Debloat_GuiFork.ps1 : Win11Debloat is unable to find 
required files, please ensure all script files are present
    + CategoryInfo          : NotSpecified: (:) [Write-Error], WriteErrorException
    + FullyQualifiedErrorId : Microsoft.PowerShell.Commands.WriteErrorException,Win11Debloat_GuiFork.ps1
P:\Projects\golden-image\_offline\Win11Debloat_GuiFork\Win11Debloat_GuiFork.ps1 : Win11Debloat is unable to find
required files, please ensure all script files are present
    + CategoryInfo          : NotSpecified: (:) [Write-Error], WriteErrorException
    + FullyQualifiedErrorId : Microsoft.PowerShell.Commands.WriteErrorException,Win11Debloat_GuiFork.ps1


Press any key to exit...
**********************
Command start time: 20260312115209
**********************
PS>TerminatingError(): "System error."
**********************
Windows PowerShell transcript end
End time: 20260312115209
**********************
