**********************
Windows PowerShell transcript start
Start time: 20260318074740
Username: DESKTOP-HJHJ8UV\Administrator
RunAs User: DESKTOP-HJHJ8UV\Administrator
Configuration Name: 
Machine: DESKTOP-HJHJ8UV (Microsoft Windows NT 10.0.26200.0)
Host Application: PowerShell -NoProfile -ExecutionPolicy Bypass -File E:\_offline\\GoldenImager\GoldenImager.ps1 
Process ID: 7604
PSVersion: 5.1.26100.6584
PSEdition: Desktop
PSCompatibleVersions: 1.0, 2.0, 3.0, 4.0, 5.0, 5.1.26100.6584
BuildVersion: 10.0.26100.6584
CLRVersion: 4.0.30319.42000
WSManStackVersion: 3.0
PSRemotingProtocolVersion: 2.3
SerializationVersion: 1.1.0.1
**********************
**********************
Windows PowerShell transcript end
End time: 20260318074842
**********************
