{"sessionId":"ba5e25","location":"Staging_Dashboard.ps1","timestamp":1773560938000.0,"message":"Invoke-SmartRelease entry","hypothesisId":"A","data":{"caller":["Invoke-MasterSwoop:328","Staging_Dashboard.ps1:505","sd:121"],"vhdInfoAttached":false,"vhdInfoDiskNumber":null,"isAtHost":false,"hasVmDrive":false}}
{"sessionId":"ba5e25","location":"Staging_Dashboard.ps1","timestamp":1773560953000.0,"message":"Invoke-SmartRelease entry","hypothesisId":"A","data":{"caller":["Restore-VhdState:295","Invoke-MasterSwoop:351","Staging_Dashboard.ps1:505"],"vhdInfoAttached":true,"vhdInfoDiskNumber":6,"isAtHost":true,"hasVmDrive":false}}
{"sessionId":"ba5e25","location":"Staging_Dashboard.ps1","timestamp":1773560954000.0,"message":"After VM release, before host check","hypothesisId":"B","data":{"vhdInfoAttached":true,"willDismountHost":true,"vhdInfoDiskNumber":6}}
{"sessionId":"ba5e25","location":"Staging_Dashboard.ps1","timestamp":1773560998000.0,"message":"Invoke-SmartRelease entry","hypothesisId":"A","data":{"caller":["Invoke-MasterSwoop:328","Staging_Dashboard.ps1:506","sd:121"],"vhdInfoAttached":false,"vhdInfoDiskNumber":null,"isAtHost":false,"hasVmDrive":false}}
{"sessionId":"ba5e25","location":"Staging_Dashboard.ps1","timestamp":1773561001000.0,"message":"Invoke-SmartRelease entry","hypothesisId":"A","data":{"caller":["Restore-VhdState:295","Invoke-MasterSwoop:351","Staging_Dashboard.ps1:506"],"vhdInfoAttached":true,"vhdInfoDiskNumber":6,"isAtHost":true,"hasVmDrive":false}}
{"sessionId":"ba5e25","location":"Staging_Dashboard.ps1","timestamp":1773561002000.0,"message":"After VM release, before host check","hypothesisId":"B","data":{"vhdInfoAttached":true,"willDismountHost":true,"vhdInfoDiskNumber":6}}
{"sessionId":"ba5e25","location":"Staging_Dashboard.ps1","timestamp":1773561024000.0,"message":"Invoke-SmartRelease entry","hypothesisId":"A","data":{"caller":["Staging_Dashboard.ps1:528","sd:121","<ScriptBlock>:1"],"vhdInfoAttached":false,"vhdInfoDiskNumber":null,"isAtHost":false,"hasVmDrive":false}}
{"sessionId":"ba5e25","location":"Staging_Dashboard.ps1","timestamp":1773561056000.0,"message":"Invoke-SmartRelease entry","hypothesisId":"A","data":{"caller":["Invoke-MasterSwoop:328","Staging_Dashboard.ps1:505","sd:121"],"vhdInfoAttached":true,"vhdInfoDiskNumber":null,"isAtHost":false,"hasVmDrive":true}}
{"sessionId":"ba5e25","location":"Staging_Dashboard.ps1","timestamp":1773561059000.0,"message":"After VM release, before host check","hypothesisId":"B","data":{"vhdInfoAttached":false,"willDismountHost":false,"vhdInfoDiskNumber":null}}
{"sessionId":"ba5e25","location":"Staging_Dashboard.ps1","timestamp":1773561064000.0,"message":"Invoke-SmartRelease entry","hypothesisId":"A","data":{"caller":["Restore-VhdState:295","Invoke-MasterSwoop:351","Staging_Dashboard.ps1:505"],"vhdInfoAttached":true,"vhdInfoDiskNumber":6,"isAtHost":true,"hasVmDrive":false}}
{"sessionId":"ba5e25","location":"Staging_Dashboard.ps1","timestamp":1773561065000.0,"message":"After VM release, before host check","hypothesisId":"B","data":{"vhdInfoAttached":true,"willDismountHost":true,"vhdInfoDiskNumber":6}}
{"sessionId":"ba5e25","location":"Staging_Dashboard.ps1","timestamp":1773563753000.0,"message":"Invoke-SmartRelease entry","hypothesisId":"A","data":{"caller":["Invoke-MasterSwoop:328","Staging_Dashboard.ps1:505","sd:121"],"vhdInfoAttached":true,"vhdInfoDiskNumber":null,"isAtHost":false,"hasVmDrive":true}}
{"sessionId":"ba5e25","location":"Staging_Dashboard.ps1","timestamp":1773563756000.0,"message":"After VM release, before host check","hypothesisId":"B","data":{"vhdInfoAttached":false,"willDismountHost":false,"vhdInfoDiskNumber":null}}
{"sessionId":"ba5e25","location":"Staging_Dashboard.ps1","timestamp":1773563764000.0,"message":"Invoke-SmartRelease entry","hypothesisId":"A","data":{"caller":["Restore-VhdState:295","Invoke-MasterSwoop:351","Staging_Dashboard.ps1:505"],"vhdInfoAttached":true,"vhdInfoDiskNumber":6,"isAtHost":true,"hasVmDrive":false}}
{"sessionId":"ba5e25","location":"Staging_Dashboard.ps1","timestamp":1773563765000.0,"message":"After VM release, before host check","hypothesisId":"B","data":{"vhdInfoAttached":true,"willDismountHost":true,"vhdInfoDiskNumber":6}}
{"sessionId":"ba5e25","location":"Staging_Dashboard.ps1","timestamp":1773566300000.0,"message":"Invoke-SmartRelease entry","hypothesisId":"A","data":{"caller":["Invoke-MasterSwoop:328","Staging_Dashboard.ps1:505","sd:121"],"vhdInfoAttached":true,"vhdInfoDiskNumber":null,"isAtHost":false,"hasVmDrive":true}}
{"sessionId":"ba5e25","location":"Staging_Dashboard.ps1","timestamp":1773566303000.0,"message":"After VM release, before host check","hypothesisId":"B","data":{"vhdInfoAttached":false,"willDismountHost":false,"vhdInfoDiskNumber":null}}
{"sessionId":"ba5e25","location":"Staging_Dashboard.ps1","timestamp":1773566318000.0,"message":"Invoke-SmartRelease entry","hypothesisId":"A","data":{"caller":["Restore-VhdState:295","Invoke-MasterSwoop:351","Staging_Dashboard.ps1:505"],"vhdInfoAttached":true,"vhdInfoDiskNumber":6,"isAtHost":true,"hasVmDrive":false}}
{"sessionId":"ba5e25","location":"Staging_Dashboard.ps1","timestamp":1773566319000.0,"message":"After VM release, before host check","hypothesisId":"B","data":{"vhdInfoAttached":true,"willDismountHost":true,"vhdInfoDiskNumber":6}}
{"sessionId":"ba5e25","location":"Staging_Dashboard.ps1","timestamp":1773655070000.0,"message":"Invoke-SmartRelease entry","hypothesisId":"A","data":{"caller":["Invoke-MasterSwoop:328","Staging_Dashboard.ps1:506","sd:121"],"vhdInfoAttached":true,"vhdInfoDiskNumber":null,"isAtHost":false,"hasVmDrive":true}}
{"sessionId":"ba5e25","location":"Staging_Dashboard.ps1","timestamp":1773655073000.0,"message":"After VM release, before host check","hypothesisId":"B","data":{"vhdInfoAttached":false,"willDismountHost":false,"vhdInfoDiskNumber":null}}
{"sessionId":"ba5e25","location":"Staging_Dashboard.ps1","timestamp":1773655079000.0,"message":"Invoke-SmartRelease entry","hypothesisId":"A","data":{"caller":["Restore-VhdState:295","Invoke-MasterSwoop:351","Staging_Dashboard.ps1:506"],"vhdInfoAttached":true,"vhdInfoDiskNumber":6,"isAtHost":true,"hasVmDrive":false}}
{"sessionId":"ba5e25","location":"Staging_Dashboard.ps1","timestamp":1773655080000.0,"message":"After VM release, before host check","hypothesisId":"B","data":{"vhdInfoAttached":true,"willDismountHost":true,"vhdInfoDiskNumber":6}}
{"sessionId":"ba5e25","location":"Staging_Dashboard.ps1","timestamp":1773655485000.0,"message":"Invoke-SmartRelease entry","hypothesisId":"A","data":{"caller":["Invoke-MasterSwoop:328","Staging_Dashboard.ps1:505","sd:121"],"vhdInfoAttached":true,"vhdInfoDiskNumber":null,"isAtHost":false,"hasVmDrive":true}}
{"sessionId":"ba5e25","location":"Staging_Dashboard.ps1","timestamp":1773655488000.0,"message":"After VM release, before host check","hypothesisId":"B","data":{"vhdInfoAttached":false,"willDismountHost":false,"vhdInfoDiskNumber":null}}
{"sessionId":"ba5e25","location":"Staging_Dashboard.ps1","timestamp":1773655504000.0,"message":"Invoke-SmartRelease entry","hypothesisId":"A","data":{"caller":["Restore-VhdState:295","Invoke-MasterSwoop:351","Staging_Dashboard.ps1:505"],"vhdInfoAttached":true,"vhdInfoDiskNumber":6,"isAtHost":true,"hasVmDrive":false}}
{"sessionId":"ba5e25","location":"Staging_Dashboard.ps1","timestamp":1773655505000.0,"message":"After VM release, before host check","hypothesisId":"B","data":{"vhdInfoAttached":true,"willDismountHost":true,"vhdInfoDiskNumber":6}}
{"sessionId":"ba5e25","location":"Staging_Dashboard.ps1","timestamp":1773656696000.0,"message":"Invoke-SmartRelease entry","hypothesisId":"A","data":{"caller":["Invoke-ReverseSwoop:377","Staging_Dashboard.ps1:547","sd:121"],"vhdInfoAttached":true,"vhdInfoDiskNumber":null,"isAtHost":false,"hasVmDrive":true}}
{"sessionId":"ba5e25","location":"Staging_Dashboard.ps1","timestamp":1773656699000.0,"message":"After VM release, before host check","hypothesisId":"B","data":{"vhdInfoAttached":false,"willDismountHost":false,"vhdInfoDiskNumber":null}}
{"sessionId":"ba5e25","location":"Staging_Dashboard.ps1","timestamp":1773656704000.0,"message":"Invoke-SmartRelease entry","hypothesisId":"A","data":{"caller":["Restore-VhdState:295","Invoke-ReverseSwoop:393","Staging_Dashboard.ps1:547"],"vhdInfoAttached":true,"vhdInfoDiskNumber":6,"isAtHost":true,"hasVmDrive":false}}
{"sessionId":"ba5e25","location":"Staging_Dashboard.ps1","timestamp":1773656706000.0,"message":"After VM release, before host check","hypothesisId":"B","data":{"vhdInfoAttached":true,"willDismountHost":true,"vhdInfoDiskNumber":6}}
