Launching Win11Debloat GUI Fork with Windows Terminal... 
Script execution passed successfully to Win11Debloat GUI Fork 
Launching Win11Debloat GUI Fork with Windows Terminal... 
Script execution passed successfully to Win11Debloat GUI Fork 
Launching Win11Debloat GUI Fork with Windows Terminal... 
Script execution passed successfully to Win11Debloat GUI Fork 
Launching Win11Debloat GUI Fork with Windows Terminal... 
Script execution passed successfully to Win11Debloat GUI Fork 
Launching Win11Debloat GUI Fork with Windows Terminal... 
Script execution passed successfully to Win11Debloat GUI Fork 
Launching Win11Debloat GUI Fork with Windows Terminal... 
Script execution passed successfully to Win11Debloat GUI Fork 
Launching Win11Debloat GUI Fork with Windows Terminal... 
Script execution passed successfully to Win11Debloat GUI Fork 
Launching Win11Debloat GUI Fork with Windows Terminal... 
Script execution passed successfully to Win11Debloat GUI Fork 
Launching Win11Debloat GUI Fork with Windows Terminal... 
Script execution passed successfully to Win11Debloat GUI Fork 
Launching Win11Debloat GUI Fork with Windows Terminal... 
Script execution passed successfully to Win11Debloat GUI Fork 
Launching Win11Debloat GUI Fork with Windows Terminal... 
Script execution passed successfully to Win11Debloat GUI Fork 
Launching Win11Debloat GUI Fork with Windows Terminal... 
Script execution passed successfully to Win11Debloat GUI Fork 
Launching Win11Debloat GUI Fork with Windows Terminal... 
Script execution passed successfully to Win11Debloat GUI Fork 
Launching Win11Debloat GUI Fork with Windows Terminal... 
Script execution passed successfully to Win11Debloat GUI Fork 
Launching Win11Debloat GUI Fork with Windows Terminal... 
Script execution passed successfully to Win11Debloat GUI Fork 
Launching Win11Debloat GUI Fork with Windows Terminal... 
Script execution passed successfully to Win11Debloat GUI Fork 
Launching Win11Debloat GUI Fork with Windows Terminal... 
Script execution passed successfully to Win11Debloat GUI Fork 
Launching Win11Debloat GUI Fork with Windows Terminal... 
Script execution passed successfully to Win11Debloat GUI Fork 
Launching Win11Debloat GUI Fork with Windows Terminal... 
Script execution passed successfully to Win11Debloat GUI Fork 
Launching Win11Debloat GUI Fork with Windows Terminal... 
Script execution passed successfully to Win11Debloat GUI Fork 
Launching Win11Debloat GUI Fork with Windows Terminal... 
Script execution passed successfully to Win11Debloat GUI Fork 
Launching Win11Debloat GUI Fork with Windows Terminal... 
Script execution passed successfully to Win11Debloat GUI Fork 
Launching Win11Debloat GUI Fork with Windows Terminal... 
Script execution passed successfully to Win11Debloat GUI Fork 
Launching Win11Debloat GUI Fork with Windows Terminal... 
Script execution passed successfully to Win11Debloat GUI Fork 
Launching Win11Debloat GUI Fork with Windows Terminal... 
Script execution passed successfully to Win11Debloat GUI Fork 
Launching Win11Debloat GUI Fork with Windows Terminal... 
Script execution passed successfully to Win11Debloat GUI Fork 
Launching Win11Debloat GUI Fork with Windows Terminal... 
Script execution passed successfully to Win11Debloat GUI Fork 
Launching Win11Debloat GUI Fork with Windows Terminal... 
Script execution passed successfully to Win11Debloat GUI Fork 
Launching Win11Debloat GUI Fork with Windows Terminal... 
Script execution passed successfully to Win11Debloat GUI Fork 
Launching Win11Debloat GUI Fork with Windows Terminal... 
Script execution passed successfully to Win11Debloat GUI Fork 
Launching Win11Debloat GUI Fork with Windows Terminal... 
Script execution passed successfully to Win11Debloat GUI Fork 
Launching Win11Debloat GUI Fork with Windows Terminal... 
Script execution passed successfully to Win11Debloat GUI Fork 
Launching Win11Debloat GUI Fork with Windows Terminal... 
Script execution passed successfully to Win11Debloat GUI Fork 
Launching Win11Debloat GUI Fork with Windows Terminal... 
Script execution passed successfully to Win11Debloat GUI Fork 
Launching Win11Debloat GUI Fork with Windows Terminal... 
Script execution passed successfully to Win11Debloat GUI Fork 
Launching Win11Debloat GUI Fork with Windows Terminal... 
Script execution passed successfully to Win11Debloat GUI Fork 
Launching Win11Debloat GUI Fork with Windows Terminal... 
Script execution passed successfully to Win11Debloat GUI Fork 
Launching Win11Debloat GUI Fork with Windows Terminal... 
Script execution passed successfully to Win11Debloat GUI Fork 
Launching Win11Debloat GUI Fork with Windows Terminal... 
Script execution passed successfully to Win11Debloat GUI Fork 
Launching Win11Debloat GUI Fork with Windows Terminal... 
The string is missing the terminator: '.
    + CategoryInfo          : ParserError: (:) [], ParentContainsErrorRecordException
    + FullyQualifiedErrorId : TerminatorExpectedAtEndOfString
 
Launching Win11Debloat GUI Fork with Windows Terminal... 
The string is missing the terminator: '.
    + CategoryInfo          : ParserError: (:) [], ParentContainsErrorRecordException
    + FullyQualifiedErrorId : TerminatorExpectedAtEndOfString
 
